<?xml version="1.0" encoding="UTF-8"?>
<!-- Generated by org.testng.reporters.JUnitReportReporter -->
<testsuite hostname="Prashanthi" failures="0" tests="1" name="testCases.TC_001_AccountRegistrationTest" time="4.225" errors="0" timestamp="2024-04-06T15:16:47 EDT" skipped="0">
  <testcase classname="testCases.TC_001_AccountRegistrationTest" name="verify_account_registration" time="4.225"/>
</testsuite> <!-- testCases.TC_001_AccountRegistrationTest -->
