<?xml version="1.0" encoding="UTF-8"?>
<!-- Generated by org.testng.reporters.JUnitReportReporter -->
<testsuite hostname="Prashanthi" failures="0" tests="1" name="testCases.TC_002_LoginTest" time="1.422" errors="0" timestamp="2024-04-06T15:16:47 EDT" skipped="0">
  <testcase classname="testCases.TC_002_LoginTest" name="verify_login" time="1.422"/>
</testsuite> <!-- testCases.TC_002_LoginTest -->
